<?xml version="1.0" encoding="UTF-8"?>
<!-- Generated by org.testng.reporters.JUnitXMLReporter -->
<testsuite ignored="0" hostname="DESKTOP-8JS9NQE" failures="0" tests="1" name="Test" time="0.199" errors="0" timestamp="2023-12-01T10:42:10 IST">
  <testcase classname="testBase.Baseclass" name="@BeforeClass setup" time="-1.701407529338E9">
    <failure type="org.testng.TestNGException" message="
Parameter &amp;apos;browser&amp;apos; is required by BeforeClass on method setup but has not been marked @Optional or defined
in D:\project\practice\testng.xml">
      <![CDATA[org.testng.TestNGException: 
Parameter 'browser' is required by BeforeClass on method setup but has not been marked @Optional or defined
in D:\project\practice\testng.xml
at java.base/java.util.ArrayList.forEach(ArrayList.java:1511)
... Removed 22 stack frames]]>
    </failure>
  </testcase> <!-- @BeforeClass setup -->
  <testcase classname="testBase.Baseclass" name="@AfterClass close" time="-1.701407529425E9">
    <skipped/>
  </testcase> <!-- @AfterClass close -->
  <testcase classname="testCase.TC_001_testcase" name="loginfunctionality" time="0.0">
    <skipped/>
  </testcase> <!-- loginfunctionality -->
</testsuite> <!-- Test -->
